2025-04-05 12:50:54,733 - INFO - Successfully extracted weather data for New York.
2025-04-05 12:50:54,736 - INFO - Weather data saved to New York_weather.json.
2025-04-05 13:30:03,019 - INFO - Successfully extracted weather data for New York.
2025-04-05 13:30:03,019 - INFO - Weather data saved to New York_weather.json.
2025-04-12 13:04:32,560 - INFO - Successfully extracted weather data for New York.
2025-04-12 13:04:32,562 - INFO - Weather data saved to New York_weather.json.
2025-04-12 13:05:47,886 - INFO - Successfully extracted weather data for New York.
2025-04-12 13:05:47,887 - INFO - Weather data saved to New York_weather.json.
2025-04-12 13:12:52,901 - INFO - Successfully extracted weather data for New York.
2025-04-12 13:12:52,904 - INFO - Weather data saved to New York_weather.json.
2025-04-12 13:14:33,473 - INFO - Successfully extracted weather data for New York.
2025-04-12 13:14:33,475 - INFO - Weather data saved to New York_weather.json.
2025-04-12 13:15:55,891 - INFO - Successfully extracted weather data for New York.
2025-04-12 13:15:55,894 - INFO - Weather data saved to New York_weather.json.
2025-04-12 13:18:19,617 - INFO - Successfully extracted weather data for New York.
2025-04-12 13:18:19,620 - INFO - Weather data saved to New York_weather.json.
2025-04-12 13:18:21,613 - INFO - Weather data saved to New York_weather_mongo.json.
2025-04-12 13:33:33,799 - INFO - Successfully extracted weather data for New York.
2025-04-12 13:33:33,801 - INFO - Weather data saved to New York_weather.json.
2025-04-12 13:33:35,895 - INFO - Weather data saved to New York_weather_mongo.json.
2025-04-12 13:33:35,896 - INFO - Starting ETL pipeline.
2025-04-12 13:33:35,898 - INFO - Successfully transformed weather data.
2025-04-12 13:33:35,902 - INFO - Successfully processed 7 MongoDB weather records
2025-04-12 13:33:46,000 - INFO - Successfully transformed weather data into the OpenWeather format.
2025-04-12 13:33:46,024 - INFO - Successfully loaded data into database.
2025-04-12 13:33:46,024 - INFO - ETL pipeline completed successfully.
2025-04-12 13:49:36,345 - INFO - Successfully extracted weather data for New York.
2025-04-12 13:49:36,349 - INFO - Weather data saved to New York_weather.json.
2025-04-12 13:49:38,238 - INFO - Weather data saved to New York_weather_mongo.json.
2025-04-12 13:49:38,239 - INFO - Starting ETL pipeline.
2025-04-12 13:49:38,243 - INFO - Successfully transformed weather data.
2025-04-12 13:49:38,247 - INFO - Successfully processed 7 MongoDB weather records
2025-04-12 13:49:46,823 - INFO - Successfully transformed weather data into the OpenWeather format.
2025-04-12 13:49:46,844 - INFO - Successfully loaded data into database.
2025-04-12 13:49:46,844 - INFO - ETL pipeline completed successfully.
2025-04-12 14:11:44,691 - INFO - Successfully extracted weather data for New York.
2025-04-12 14:11:44,694 - INFO - Weather data saved to New York_weather.json.
2025-04-12 14:11:46,713 - INFO - Weather data saved to New York_weather_mongo.json.
2025-04-12 14:11:46,714 - INFO - Starting ETL pipeline.
2025-04-12 14:11:46,717 - INFO - Successfully transformed weather data.
2025-04-12 14:11:46,721 - INFO - Successfully processed 7 MongoDB weather records
2025-04-12 14:11:54,530 - INFO - Successfully transformed weather data into the OpenWeather format.
2025-04-12 14:11:54,553 - INFO - Successfully loaded data into database.
2025-04-12 14:11:54,553 - INFO - ETL pipeline completed successfully.
